<?xml version="1.0" encoding="windows-1252" standalone="no"?>
<!DOCTYPE log SYSTEM "logger.dtd">
<log>
<record>
  <date>2009-02-13T10:44:12</date>
  <millis>1234538052346</millis>
  <sequence>0</sequence>
  <logger>jMetal</logger>
  <level>INFO</level>
  <class>jmetal.solutions.TspNsga_main</class>
  <method>main</method>
  <thread>10</thread>
  <message>Total execution time: 3909ms</message>
</record>
<record>
  <date>2009-02-13T10:44:12</date>
  <millis>1234538052379</millis>
  <sequence>1</sequence>
  <logger>jMetal</logger>
  <level>INFO</level>
  <class>jmetal.solutions.TspNsga_main</class>
  <method>main</method>
  <thread>10</thread>
  <message>Variables values have been writen to file VAR</message>
</record>
<record>
  <date>2009-02-13T10:44:12</date>
  <millis>1234538052406</millis>
  <sequence>2</sequence>
  <logger>jMetal</logger>
  <level>INFO</level>
  <class>jmetal.solutions.TspNsga_main</class>
  <method>main</method>
  <thread>10</thread>
  <message>Objectives values have been writen to file FUN</message>
</record>
<record>
  <date>2009-02-13T10:44:18</date>
  <millis>1234538058212</millis>
  <sequence>3</sequence>
  <logger>jMetal</logger>
  <level>INFO</level>
  <class>jmetal.solutions.TspNsga_main</class>
  <method>main</method>
  <thread>10</thread>
  <message>Total execution time: 5690ms</message>
</record>
<record>
  <date>2009-02-13T10:44:18</date>
  <millis>1234538058214</millis>
  <sequence>4</sequence>
  <logger>jMetal</logger>
  <level>INFO</level>
  <class>jmetal.solutions.TspNsga_main</class>
  <method>main</method>
  <thread>10</thread>
  <message>Variables values have been writen to file VAR</message>
</record>
<record>
  <date>2009-02-13T10:44:18</date>
  <millis>1234538058234</millis>
  <sequence>5</sequence>
  <logger>jMetal</logger>
  <level>INFO</level>
  <class>jmetal.solutions.TspNsga_main</class>
  <method>main</method>
  <thread>10</thread>
  <message>Objectives values have been writen to file FUN</message>
</record>
<record>
  <date>2009-02-13T10:44:21</date>
  <millis>1234538061762</millis>
  <sequence>6</sequence>
  <logger>jMetal</logger>
  <level>INFO</level>
  <class>jmetal.solutions.TspNsga_main</class>
  <method>main</method>
  <thread>10</thread>
  <message>Total execution time: 3496ms</message>
</record>
<record>
  <date>2009-02-13T10:44:21</date>
  <millis>1234538061763</millis>
  <sequence>7</sequence>
  <logger>jMetal</logger>
  <level>INFO</level>
  <class>jmetal.solutions.TspNsga_main</class>
  <method>main</method>
  <thread>10</thread>
  <message>Variables values have been writen to file VAR</message>
</record>
<record>
  <date>2009-02-13T10:44:21</date>
  <millis>1234538061774</millis>
  <sequence>8</sequence>
  <logger>jMetal</logger>
  <level>INFO</level>
  <class>jmetal.solutions.TspNsga_main</class>
  <method>main</method>
  <thread>10</thread>
  <message>Objectives values have been writen to file FUN</message>
</record>
<record>
  <date>2009-02-13T10:44:25</date>
  <millis>1234538065120</millis>
  <sequence>9</sequence>
  <logger>jMetal</logger>
  <level>INFO</level>
  <class>jmetal.solutions.TspNsga_main</class>
  <method>main</method>
  <thread>10</thread>
  <message>Total execution time: 3322ms</message>
</record>
<record>
  <date>2009-02-13T10:44:25</date>
  <millis>1234538065121</millis>
  <sequence>10</sequence>
  <logger>jMetal</logger>
  <level>INFO</level>
  <class>jmetal.solutions.TspNsga_main</class>
  <method>main</method>
  <thread>10</thread>
  <message>Variables values have been writen to file VAR</message>
</record>
<record>
  <date>2009-02-13T10:44:25</date>
  <millis>1234538065130</millis>
  <sequence>11</sequence>
  <logger>jMetal</logger>
  <level>INFO</level>
  <class>jmetal.solutions.TspNsga_main</class>
  <method>main</method>
  <thread>10</thread>
  <message>Objectives values have been writen to file FUN</message>
</record>
<record>
  <date>2009-02-13T10:44:29</date>
  <millis>1234538069934</millis>
  <sequence>12</sequence>
  <logger>jMetal</logger>
  <level>INFO</level>
  <class>jmetal.solutions.TspNsga_main</class>
  <method>main</method>
  <thread>10</thread>
  <message>Total execution time: 4781ms</message>
</record>
<record>
  <date>2009-02-13T10:44:29</date>
  <millis>1234538069935</millis>
  <sequence>13</sequence>
  <logger>jMetal</logger>
  <level>INFO</level>
  <class>jmetal.solutions.TspNsga_main</class>
  <method>main</method>
  <thread>10</thread>
  <message>Variables values have been writen to file VAR</message>
</record>
<record>
  <date>2009-02-13T10:44:30</date>
  <millis>1234538070004</millis>
  <sequence>14</sequence>
  <logger>jMetal</logger>
  <level>INFO</level>
  <class>jmetal.solutions.TspNsga_main</class>
  <method>main</method>
  <thread>10</thread>
  <message>Objectives values have been writen to file FUN</message>
</record>
<record>
  <date>2009-02-13T10:44:33</date>
  <millis>1234538073653</millis>
  <sequence>15</sequence>
  <logger>jMetal</logger>
  <level>INFO</level>
  <class>jmetal.solutions.TspNsga_main</class>
  <method>main</method>
  <thread>10</thread>
  <message>Total execution time: 3632ms</message>
</record>
<record>
  <date>2009-02-13T10:44:33</date>
  <millis>1234538073654</millis>
  <sequence>16</sequence>
  <logger>jMetal</logger>
  <level>INFO</level>
  <class>jmetal.solutions.TspNsga_main</class>
  <method>main</method>
  <thread>10</thread>
  <message>Variables values have been writen to file VAR</message>
</record>
<record>
  <date>2009-02-13T10:44:33</date>
  <millis>1234538073665</millis>
  <sequence>17</sequence>
  <logger>jMetal</logger>
  <level>INFO</level>
  <class>jmetal.solutions.TspNsga_main</class>
  <method>main</method>
  <thread>10</thread>
  <message>Objectives values have been writen to file FUN</message>
</record>
<record>
  <date>2009-02-13T10:44:36</date>
  <millis>1234538076941</millis>
  <sequence>18</sequence>
  <logger>jMetal</logger>
  <level>INFO</level>
  <class>jmetal.solutions.TspNsga_main</class>
  <method>main</method>
  <thread>10</thread>
  <message>Total execution time: 3255ms</message>
</record>
<record>
  <date>2009-02-13T10:44:36</date>
  <millis>1234538076943</millis>
  <sequence>19</sequence>
  <logger>jMetal</logger>
  <level>INFO</level>
  <class>jmetal.solutions.TspNsga_main</class>
  <method>main</method>
  <thread>10</thread>
  <message>Variables values have been writen to file VAR</message>
</record>
<record>
  <date>2009-02-13T10:44:37</date>
  <millis>1234538077687</millis>
  <sequence>20</sequence>
  <logger>jMetal</logger>
  <level>INFO</level>
  <class>jmetal.solutions.TspNsga_main</class>
  <method>main</method>
  <thread>10</thread>
  <message>Objectives values have been writen to file FUN</message>
</record>
<record>
  <date>2009-02-13T10:44:41</date>
  <millis>1234538081256</millis>
  <sequence>21</sequence>
  <logger>jMetal</logger>
  <level>INFO</level>
  <class>jmetal.solutions.TspNsga_main</class>
  <method>main</method>
  <thread>10</thread>
  <message>Total execution time: 3328ms</message>
</record>
<record>
  <date>2009-02-13T10:44:41</date>
  <millis>1234538081258</millis>
  <sequence>22</sequence>
  <logger>jMetal</logger>
  <level>INFO</level>
  <class>jmetal.solutions.TspNsga_main</class>
  <method>main</method>
  <thread>10</thread>
  <message>Variables values have been writen to file VAR</message>
</record>
<record>
  <date>2009-02-13T10:44:41</date>
  <millis>1234538081267</millis>
  <sequence>23</sequence>
  <logger>jMetal</logger>
  <level>INFO</level>
  <class>jmetal.solutions.TspNsga_main</class>
  <method>main</method>
  <thread>10</thread>
  <message>Objectives values have been writen to file FUN</message>
</record>
<record>
  <date>2009-02-13T10:44:45</date>
  <millis>1234538085685</millis>
  <sequence>24</sequence>
  <logger>jMetal</logger>
  <level>INFO</level>
  <class>jmetal.solutions.TspNsga_main</class>
  <method>main</method>
  <thread>10</thread>
  <message>Total execution time: 4377ms</message>
</record>
<record>
  <date>2009-02-13T10:44:45</date>
  <millis>1234538085706</millis>
  <sequence>25</sequence>
  <logger>jMetal</logger>
  <level>INFO</level>
  <class>jmetal.solutions.TspNsga_main</class>
  <method>main</method>
  <thread>10</thread>
  <message>Variables values have been writen to file VAR</message>
</record>
<record>
  <date>2009-02-13T10:44:45</date>
  <millis>1234538085716</millis>
  <sequence>26</sequence>
  <logger>jMetal</logger>
  <level>INFO</level>
  <class>jmetal.solutions.TspNsga_main</class>
  <method>main</method>
  <thread>10</thread>
  <message>Objectives values have been writen to file FUN</message>
</record>
<record>
  <date>2009-02-13T10:44:49</date>
  <millis>1234538089448</millis>
  <sequence>27</sequence>
  <logger>jMetal</logger>
  <level>INFO</level>
  <class>jmetal.solutions.TspNsga_main</class>
  <method>main</method>
  <thread>10</thread>
  <message>Total execution time: 3710ms</message>
</record>
<record>
  <date>2009-02-13T10:44:49</date>
  <millis>1234538089451</millis>
  <sequence>28</sequence>
  <logger>jMetal</logger>
  <level>INFO</level>
  <class>jmetal.solutions.TspNsga_main</class>
  <method>main</method>
  <thread>10</thread>
  <message>Variables values have been writen to file VAR</message>
</record>
<record>
  <date>2009-02-13T10:44:49</date>
  <millis>1234538089461</millis>
  <sequence>29</sequence>
  <logger>jMetal</logger>
  <level>INFO</level>
  <class>jmetal.solutions.TspNsga_main</class>
  <method>main</method>
  <thread>10</thread>
  <message>Objectives values have been writen to file FUN</message>
</record>
</log>
