<?xml version="1.0" encoding="windows-1252" standalone="no"?>
<!DOCTYPE log SYSTEM "logger.dtd">
<log>
<record>
  <date>2009-02-16T14:24:45</date>
  <millis>1234810485757</millis>
  <sequence>0</sequence>
  <logger>jMetal</logger>
  <level>INFO</level>
  <class>jmetal.solutions.tsp.BTspSpea2_main</class>
  <method>main</method>
  <thread>10</thread>
  <message>Total execution time: 16307</message>
</record>
<record>
  <date>2009-02-16T14:24:45</date>
  <millis>1234810485794</millis>
  <sequence>1</sequence>
  <logger>jMetal</logger>
  <level>INFO</level>
  <class>jmetal.solutions.tsp.BTspSpea2_main</class>
  <method>main</method>
  <thread>10</thread>
  <message>Objectives values have been writen to file FUN</message>
</record>
<record>
  <date>2009-02-16T14:24:46</date>
  <millis>1234810486240</millis>
  <sequence>2</sequence>
  <logger>jMetal</logger>
  <level>INFO</level>
  <class>jmetal.solutions.tsp.BTspSpea2_main</class>
  <method>main</method>
  <thread>10</thread>
  <message>Variables values have been writen to file VAR</message>
</record>
<record>
  <date>2009-02-16T14:25:08</date>
  <millis>1234810508645</millis>
  <sequence>3</sequence>
  <logger>jMetal</logger>
  <level>INFO</level>
  <class>jmetal.solutions.tsp.BTspSpea2_main</class>
  <method>main</method>
  <thread>10</thread>
  <message>Total execution time: 22149</message>
</record>
<record>
  <date>2009-02-16T14:25:08</date>
  <millis>1234810508647</millis>
  <sequence>4</sequence>
  <logger>jMetal</logger>
  <level>INFO</level>
  <class>jmetal.solutions.tsp.BTspSpea2_main</class>
  <method>main</method>
  <thread>10</thread>
  <message>Objectives values have been writen to file FUN</message>
</record>
<record>
  <date>2009-02-16T14:25:08</date>
  <millis>1234810508650</millis>
  <sequence>5</sequence>
  <logger>jMetal</logger>
  <level>INFO</level>
  <class>jmetal.solutions.tsp.BTspSpea2_main</class>
  <method>main</method>
  <thread>10</thread>
  <message>Variables values have been writen to file VAR</message>
</record>
<record>
  <date>2009-02-16T14:25:41</date>
  <millis>1234810541891</millis>
  <sequence>6</sequence>
  <logger>jMetal</logger>
  <level>INFO</level>
  <class>jmetal.solutions.tsp.BTspSpea2_main</class>
  <method>main</method>
  <thread>10</thread>
  <message>Total execution time: 33091</message>
</record>
<record>
  <date>2009-02-16T14:25:41</date>
  <millis>1234810541896</millis>
  <sequence>7</sequence>
  <logger>jMetal</logger>
  <level>INFO</level>
  <class>jmetal.solutions.tsp.BTspSpea2_main</class>
  <method>main</method>
  <thread>10</thread>
  <message>Objectives values have been writen to file FUN</message>
</record>
<record>
  <date>2009-02-16T14:25:42</date>
  <millis>1234810542063</millis>
  <sequence>8</sequence>
  <logger>jMetal</logger>
  <level>INFO</level>
  <class>jmetal.solutions.tsp.BTspSpea2_main</class>
  <method>main</method>
  <thread>10</thread>
  <message>Variables values have been writen to file VAR</message>
</record>
<record>
  <date>2009-02-16T14:26:12</date>
  <millis>1234810572003</millis>
  <sequence>9</sequence>
  <logger>jMetal</logger>
  <level>INFO</level>
  <class>jmetal.solutions.tsp.BTspSpea2_main</class>
  <method>main</method>
  <thread>10</thread>
  <message>Total execution time: 29903</message>
</record>
<record>
  <date>2009-02-16T14:26:12</date>
  <millis>1234810572107</millis>
  <sequence>10</sequence>
  <logger>jMetal</logger>
  <level>INFO</level>
  <class>jmetal.solutions.tsp.BTspSpea2_main</class>
  <method>main</method>
  <thread>10</thread>
  <message>Objectives values have been writen to file FUN</message>
</record>
<record>
  <date>2009-02-16T14:26:12</date>
  <millis>1234810572487</millis>
  <sequence>11</sequence>
  <logger>jMetal</logger>
  <level>INFO</level>
  <class>jmetal.solutions.tsp.BTspSpea2_main</class>
  <method>main</method>
  <thread>10</thread>
  <message>Variables values have been writen to file VAR</message>
</record>
<record>
  <date>2009-02-16T14:26:44</date>
  <millis>1234810604405</millis>
  <sequence>12</sequence>
  <logger>jMetal</logger>
  <level>INFO</level>
  <class>jmetal.solutions.tsp.BTspSpea2_main</class>
  <method>main</method>
  <thread>10</thread>
  <message>Total execution time: 31884</message>
</record>
<record>
  <date>2009-02-16T14:26:44</date>
  <millis>1234810604407</millis>
  <sequence>13</sequence>
  <logger>jMetal</logger>
  <level>INFO</level>
  <class>jmetal.solutions.tsp.BTspSpea2_main</class>
  <method>main</method>
  <thread>10</thread>
  <message>Objectives values have been writen to file FUN</message>
</record>
<record>
  <date>2009-02-16T14:26:44</date>
  <millis>1234810604608</millis>
  <sequence>14</sequence>
  <logger>jMetal</logger>
  <level>INFO</level>
  <class>jmetal.solutions.tsp.BTspSpea2_main</class>
  <method>main</method>
  <thread>10</thread>
  <message>Variables values have been writen to file VAR</message>
</record>
<record>
  <date>2009-02-16T14:27:09</date>
  <millis>1234810629957</millis>
  <sequence>15</sequence>
  <logger>jMetal</logger>
  <level>INFO</level>
  <class>jmetal.solutions.tsp.BTspSpea2_main</class>
  <method>main</method>
  <thread>10</thread>
  <message>Total execution time: 25322</message>
</record>
<record>
  <date>2009-02-16T14:27:09</date>
  <millis>1234810629959</millis>
  <sequence>16</sequence>
  <logger>jMetal</logger>
  <level>INFO</level>
  <class>jmetal.solutions.tsp.BTspSpea2_main</class>
  <method>main</method>
  <thread>10</thread>
  <message>Objectives values have been writen to file FUN</message>
</record>
<record>
  <date>2009-02-16T14:27:10</date>
  <millis>1234810630127</millis>
  <sequence>17</sequence>
  <logger>jMetal</logger>
  <level>INFO</level>
  <class>jmetal.solutions.tsp.BTspSpea2_main</class>
  <method>main</method>
  <thread>10</thread>
  <message>Variables values have been writen to file VAR</message>
</record>
<record>
  <date>2009-02-16T14:27:29</date>
  <millis>1234810649095</millis>
  <sequence>18</sequence>
  <logger>jMetal</logger>
  <level>INFO</level>
  <class>jmetal.solutions.tsp.BTspSpea2_main</class>
  <method>main</method>
  <thread>10</thread>
  <message>Total execution time: 18908</message>
</record>
<record>
  <date>2009-02-16T14:27:29</date>
  <millis>1234810649097</millis>
  <sequence>19</sequence>
  <logger>jMetal</logger>
  <level>INFO</level>
  <class>jmetal.solutions.tsp.BTspSpea2_main</class>
  <method>main</method>
  <thread>10</thread>
  <message>Objectives values have been writen to file FUN</message>
</record>
<record>
  <date>2009-02-16T14:27:29</date>
  <millis>1234810649203</millis>
  <sequence>20</sequence>
  <logger>jMetal</logger>
  <level>INFO</level>
  <class>jmetal.solutions.tsp.BTspSpea2_main</class>
  <method>main</method>
  <thread>10</thread>
  <message>Variables values have been writen to file VAR</message>
</record>
<record>
  <date>2009-02-16T14:27:45</date>
  <millis>1234810665238</millis>
  <sequence>21</sequence>
  <logger>jMetal</logger>
  <level>INFO</level>
  <class>jmetal.solutions.tsp.BTspSpea2_main</class>
  <method>main</method>
  <thread>10</thread>
  <message>Total execution time: 16001</message>
</record>
<record>
  <date>2009-02-16T14:27:45</date>
  <millis>1234810665241</millis>
  <sequence>22</sequence>
  <logger>jMetal</logger>
  <level>INFO</level>
  <class>jmetal.solutions.tsp.BTspSpea2_main</class>
  <method>main</method>
  <thread>10</thread>
  <message>Objectives values have been writen to file FUN</message>
</record>
<record>
  <date>2009-02-16T14:27:45</date>
  <millis>1234810665244</millis>
  <sequence>23</sequence>
  <logger>jMetal</logger>
  <level>INFO</level>
  <class>jmetal.solutions.tsp.BTspSpea2_main</class>
  <method>main</method>
  <thread>10</thread>
  <message>Variables values have been writen to file VAR</message>
</record>
<record>
  <date>2009-02-16T14:28:05</date>
  <millis>1234810685013</millis>
  <sequence>24</sequence>
  <logger>jMetal</logger>
  <level>INFO</level>
  <class>jmetal.solutions.tsp.BTspSpea2_main</class>
  <method>main</method>
  <thread>10</thread>
  <message>Total execution time: 19704</message>
</record>
<record>
  <date>2009-02-16T14:28:05</date>
  <millis>1234810685015</millis>
  <sequence>25</sequence>
  <logger>jMetal</logger>
  <level>INFO</level>
  <class>jmetal.solutions.tsp.BTspSpea2_main</class>
  <method>main</method>
  <thread>10</thread>
  <message>Objectives values have been writen to file FUN</message>
</record>
<record>
  <date>2009-02-16T14:28:05</date>
  <millis>1234810685019</millis>
  <sequence>26</sequence>
  <logger>jMetal</logger>
  <level>INFO</level>
  <class>jmetal.solutions.tsp.BTspSpea2_main</class>
  <method>main</method>
  <thread>10</thread>
  <message>Variables values have been writen to file VAR</message>
</record>
<record>
  <date>2009-02-16T14:28:29</date>
  <millis>1234810709321</millis>
  <sequence>27</sequence>
  <logger>jMetal</logger>
  <level>INFO</level>
  <class>jmetal.solutions.tsp.BTspSpea2_main</class>
  <method>main</method>
  <thread>10</thread>
  <message>Total execution time: 24252</message>
</record>
<record>
  <date>2009-02-16T14:28:29</date>
  <millis>1234810709323</millis>
  <sequence>28</sequence>
  <logger>jMetal</logger>
  <level>INFO</level>
  <class>jmetal.solutions.tsp.BTspSpea2_main</class>
  <method>main</method>
  <thread>10</thread>
  <message>Objectives values have been writen to file FUN</message>
</record>
<record>
  <date>2009-02-16T14:28:29</date>
  <millis>1234810709570</millis>
  <sequence>29</sequence>
  <logger>jMetal</logger>
  <level>INFO</level>
  <class>jmetal.solutions.tsp.BTspSpea2_main</class>
  <method>main</method>
  <thread>10</thread>
  <message>Variables values have been writen to file VAR</message>
</record>
</log>
