<?xml version="1.0" encoding="windows-1252" standalone="no"?>
<!DOCTYPE log SYSTEM "logger.dtd">
<log>
<record>
  <date>2009-02-15T17:13:25</date>
  <millis>1234734205902</millis>
  <sequence>0</sequence>
  <logger>jMetal</logger>
  <level>INFO</level>
  <class>jmetal.solutions.QapNsga_main</class>
  <method>main</method>
  <thread>10</thread>
  <message>Total execution time: 11111ms</message>
</record>
<record>
  <date>2009-02-15T17:13:25</date>
  <millis>1234734205931</millis>
  <sequence>1</sequence>
  <logger>jMetal</logger>
  <level>INFO</level>
  <class>jmetal.solutions.QapNsga_main</class>
  <method>main</method>
  <thread>10</thread>
  <message>Variables values have been writen to file VAR</message>
</record>
<record>
  <date>2009-02-15T17:13:26</date>
  <millis>1234734206242</millis>
  <sequence>2</sequence>
  <logger>jMetal</logger>
  <level>INFO</level>
  <class>jmetal.solutions.QapNsga_main</class>
  <method>main</method>
  <thread>10</thread>
  <message>Objectives values have been writen to file FUN</message>
</record>
<record>
  <date>2009-02-15T17:13:36</date>
  <millis>1234734216849</millis>
  <sequence>3</sequence>
  <logger>jMetal</logger>
  <level>INFO</level>
  <class>jmetal.solutions.QapNsga_main</class>
  <method>main</method>
  <thread>10</thread>
  <message>Total execution time: 10448ms</message>
</record>
<record>
  <date>2009-02-15T17:13:36</date>
  <millis>1234734216851</millis>
  <sequence>4</sequence>
  <logger>jMetal</logger>
  <level>INFO</level>
  <class>jmetal.solutions.QapNsga_main</class>
  <method>main</method>
  <thread>10</thread>
  <message>Variables values have been writen to file VAR</message>
</record>
<record>
  <date>2009-02-15T17:13:36</date>
  <millis>1234734216907</millis>
  <sequence>5</sequence>
  <logger>jMetal</logger>
  <level>INFO</level>
  <class>jmetal.solutions.QapNsga_main</class>
  <method>main</method>
  <thread>10</thread>
  <message>Objectives values have been writen to file FUN</message>
</record>
<record>
  <date>2009-02-15T17:13:47</date>
  <millis>1234734227444</millis>
  <sequence>6</sequence>
  <logger>jMetal</logger>
  <level>INFO</level>
  <class>jmetal.solutions.QapNsga_main</class>
  <method>main</method>
  <thread>10</thread>
  <message>Total execution time: 10524ms</message>
</record>
<record>
  <date>2009-02-15T17:13:47</date>
  <millis>1234734227456</millis>
  <sequence>7</sequence>
  <logger>jMetal</logger>
  <level>INFO</level>
  <class>jmetal.solutions.QapNsga_main</class>
  <method>main</method>
  <thread>10</thread>
  <message>Variables values have been writen to file VAR</message>
</record>
<record>
  <date>2009-02-15T17:13:47</date>
  <millis>1234734227469</millis>
  <sequence>8</sequence>
  <logger>jMetal</logger>
  <level>INFO</level>
  <class>jmetal.solutions.QapNsga_main</class>
  <method>main</method>
  <thread>10</thread>
  <message>Objectives values have been writen to file FUN</message>
</record>
<record>
  <date>2009-02-15T17:13:57</date>
  <millis>1234734237653</millis>
  <sequence>9</sequence>
  <logger>jMetal</logger>
  <level>INFO</level>
  <class>jmetal.solutions.QapNsga_main</class>
  <method>main</method>
  <thread>10</thread>
  <message>Total execution time: 10164ms</message>
</record>
<record>
  <date>2009-02-15T17:13:57</date>
  <millis>1234734237655</millis>
  <sequence>10</sequence>
  <logger>jMetal</logger>
  <level>INFO</level>
  <class>jmetal.solutions.QapNsga_main</class>
  <method>main</method>
  <thread>10</thread>
  <message>Variables values have been writen to file VAR</message>
</record>
<record>
  <date>2009-02-15T17:13:57</date>
  <millis>1234734237662</millis>
  <sequence>11</sequence>
  <logger>jMetal</logger>
  <level>INFO</level>
  <class>jmetal.solutions.QapNsga_main</class>
  <method>main</method>
  <thread>10</thread>
  <message>Objectives values have been writen to file FUN</message>
</record>
<record>
  <date>2009-02-15T17:14:07</date>
  <millis>1234734247769</millis>
  <sequence>12</sequence>
  <logger>jMetal</logger>
  <level>INFO</level>
  <class>jmetal.solutions.QapNsga_main</class>
  <method>main</method>
  <thread>10</thread>
  <message>Total execution time: 10090ms</message>
</record>
<record>
  <date>2009-02-15T17:14:07</date>
  <millis>1234734247772</millis>
  <sequence>13</sequence>
  <logger>jMetal</logger>
  <level>INFO</level>
  <class>jmetal.solutions.QapNsga_main</class>
  <method>main</method>
  <thread>10</thread>
  <message>Variables values have been writen to file VAR</message>
</record>
<record>
  <date>2009-02-15T17:14:07</date>
  <millis>1234734247779</millis>
  <sequence>14</sequence>
  <logger>jMetal</logger>
  <level>INFO</level>
  <class>jmetal.solutions.QapNsga_main</class>
  <method>main</method>
  <thread>10</thread>
  <message>Objectives values have been writen to file FUN</message>
</record>
<record>
  <date>2009-02-15T17:14:19</date>
  <millis>1234734259155</millis>
  <sequence>15</sequence>
  <logger>jMetal</logger>
  <level>INFO</level>
  <class>jmetal.solutions.QapNsga_main</class>
  <method>main</method>
  <thread>10</thread>
  <message>Total execution time: 11314ms</message>
</record>
<record>
  <date>2009-02-15T17:14:19</date>
  <millis>1234734259158</millis>
  <sequence>16</sequence>
  <logger>jMetal</logger>
  <level>INFO</level>
  <class>jmetal.solutions.QapNsga_main</class>
  <method>main</method>
  <thread>10</thread>
  <message>Variables values have been writen to file VAR</message>
</record>
<record>
  <date>2009-02-15T17:14:19</date>
  <millis>1234734259402</millis>
  <sequence>17</sequence>
  <logger>jMetal</logger>
  <level>INFO</level>
  <class>jmetal.solutions.QapNsga_main</class>
  <method>main</method>
  <thread>10</thread>
  <message>Objectives values have been writen to file FUN</message>
</record>
<record>
  <date>2009-02-15T17:14:29</date>
  <millis>1234734269084</millis>
  <sequence>18</sequence>
  <logger>jMetal</logger>
  <level>INFO</level>
  <class>jmetal.solutions.QapNsga_main</class>
  <method>main</method>
  <thread>10</thread>
  <message>Total execution time: 9666ms</message>
</record>
<record>
  <date>2009-02-15T17:14:29</date>
  <millis>1234734269087</millis>
  <sequence>19</sequence>
  <logger>jMetal</logger>
  <level>INFO</level>
  <class>jmetal.solutions.QapNsga_main</class>
  <method>main</method>
  <thread>10</thread>
  <message>Variables values have been writen to file VAR</message>
</record>
<record>
  <date>2009-02-15T17:14:29</date>
  <millis>1234734269095</millis>
  <sequence>20</sequence>
  <logger>jMetal</logger>
  <level>INFO</level>
  <class>jmetal.solutions.QapNsga_main</class>
  <method>main</method>
  <thread>10</thread>
  <message>Objectives values have been writen to file FUN</message>
</record>
<record>
  <date>2009-02-15T17:14:39</date>
  <millis>1234734279272</millis>
  <sequence>21</sequence>
  <logger>jMetal</logger>
  <level>INFO</level>
  <class>jmetal.solutions.QapNsga_main</class>
  <method>main</method>
  <thread>10</thread>
  <message>Total execution time: 10160ms</message>
</record>
<record>
  <date>2009-02-15T17:14:39</date>
  <millis>1234734279274</millis>
  <sequence>22</sequence>
  <logger>jMetal</logger>
  <level>INFO</level>
  <class>jmetal.solutions.QapNsga_main</class>
  <method>main</method>
  <thread>10</thread>
  <message>Variables values have been writen to file VAR</message>
</record>
<record>
  <date>2009-02-15T17:14:39</date>
  <millis>1234734279287</millis>
  <sequence>23</sequence>
  <logger>jMetal</logger>
  <level>INFO</level>
  <class>jmetal.solutions.QapNsga_main</class>
  <method>main</method>
  <thread>10</thread>
  <message>Objectives values have been writen to file FUN</message>
</record>
<record>
  <date>2009-02-15T17:14:49</date>
  <millis>1234734289803</millis>
  <sequence>24</sequence>
  <logger>jMetal</logger>
  <level>INFO</level>
  <class>jmetal.solutions.QapNsga_main</class>
  <method>main</method>
  <thread>10</thread>
  <message>Total execution time: 10501ms</message>
</record>
<record>
  <date>2009-02-15T17:14:49</date>
  <millis>1234734289806</millis>
  <sequence>25</sequence>
  <logger>jMetal</logger>
  <level>INFO</level>
  <class>jmetal.solutions.QapNsga_main</class>
  <method>main</method>
  <thread>10</thread>
  <message>Variables values have been writen to file VAR</message>
</record>
<record>
  <date>2009-02-15T17:14:49</date>
  <millis>1234734289815</millis>
  <sequence>26</sequence>
  <logger>jMetal</logger>
  <level>INFO</level>
  <class>jmetal.solutions.QapNsga_main</class>
  <method>main</method>
  <thread>10</thread>
  <message>Objectives values have been writen to file FUN</message>
</record>
<record>
  <date>2009-02-15T17:15:00</date>
  <millis>1234734300520</millis>
  <sequence>27</sequence>
  <logger>jMetal</logger>
  <level>INFO</level>
  <class>jmetal.solutions.QapNsga_main</class>
  <method>main</method>
  <thread>10</thread>
  <message>Total execution time: 10689ms</message>
</record>
<record>
  <date>2009-02-15T17:15:00</date>
  <millis>1234734300522</millis>
  <sequence>28</sequence>
  <logger>jMetal</logger>
  <level>INFO</level>
  <class>jmetal.solutions.QapNsga_main</class>
  <method>main</method>
  <thread>10</thread>
  <message>Variables values have been writen to file VAR</message>
</record>
<record>
  <date>2009-02-15T17:15:00</date>
  <millis>1234734300532</millis>
  <sequence>29</sequence>
  <logger>jMetal</logger>
  <level>INFO</level>
  <class>jmetal.solutions.QapNsga_main</class>
  <method>main</method>
  <thread>10</thread>
  <message>Objectives values have been writen to file FUN</message>
</record>
</log>
