<?xml version="1.0" encoding="windows-1252" standalone="no"?>
<!DOCTYPE log SYSTEM "logger.dtd">
<log>
<record>
  <date>2009-02-16T14:24:28</date>
  <millis>1234810468432</millis>
  <sequence>0</sequence>
  <logger>jMetal</logger>
  <level>INFO</level>
  <class>jmetal.solutions.TspNsga_main</class>
  <method>main</method>
  <thread>10</thread>
  <message>Total execution time: 9751ms</message>
</record>
<record>
  <date>2009-02-16T14:24:29</date>
  <millis>1234810469641</millis>
  <sequence>1</sequence>
  <logger>jMetal</logger>
  <level>INFO</level>
  <class>jmetal.solutions.TspNsga_main</class>
  <method>main</method>
  <thread>10</thread>
  <message>Variables values have been writen to file VAR</message>
</record>
<record>
  <date>2009-02-16T14:24:35</date>
  <millis>1234810475501</millis>
  <sequence>2</sequence>
  <logger>jMetal</logger>
  <level>INFO</level>
  <class>jmetal.solutions.TspNsga_main</class>
  <method>main</method>
  <thread>10</thread>
  <message>Objectives values have been writen to file FUN</message>
</record>
<record>
  <date>2009-02-16T14:24:45</date>
  <millis>1234810485072</millis>
  <sequence>3</sequence>
  <logger>jMetal</logger>
  <level>INFO</level>
  <class>jmetal.solutions.TspNsga_main</class>
  <method>main</method>
  <thread>10</thread>
  <message>Total execution time: 9512ms</message>
</record>
<record>
  <date>2009-02-16T14:24:45</date>
  <millis>1234810485074</millis>
  <sequence>4</sequence>
  <logger>jMetal</logger>
  <level>INFO</level>
  <class>jmetal.solutions.TspNsga_main</class>
  <method>main</method>
  <thread>10</thread>
  <message>Variables values have been writen to file VAR</message>
</record>
<record>
  <date>2009-02-16T14:24:45</date>
  <millis>1234810485346</millis>
  <sequence>5</sequence>
  <logger>jMetal</logger>
  <level>INFO</level>
  <class>jmetal.solutions.TspNsga_main</class>
  <method>main</method>
  <thread>10</thread>
  <message>Objectives values have been writen to file FUN</message>
</record>
<record>
  <date>2009-02-16T14:24:57</date>
  <millis>1234810497012</millis>
  <sequence>6</sequence>
  <logger>jMetal</logger>
  <level>INFO</level>
  <class>jmetal.solutions.TspNsga_main</class>
  <method>main</method>
  <thread>10</thread>
  <message>Total execution time: 11594ms</message>
</record>
<record>
  <date>2009-02-16T14:24:57</date>
  <millis>1234810497014</millis>
  <sequence>7</sequence>
  <logger>jMetal</logger>
  <level>INFO</level>
  <class>jmetal.solutions.TspNsga_main</class>
  <method>main</method>
  <thread>10</thread>
  <message>Variables values have been writen to file VAR</message>
</record>
<record>
  <date>2009-02-16T14:24:57</date>
  <millis>1234810497024</millis>
  <sequence>8</sequence>
  <logger>jMetal</logger>
  <level>INFO</level>
  <class>jmetal.solutions.TspNsga_main</class>
  <method>main</method>
  <thread>10</thread>
  <message>Objectives values have been writen to file FUN</message>
</record>
<record>
  <date>2009-02-16T14:25:06</date>
  <millis>1234810506309</millis>
  <sequence>9</sequence>
  <logger>jMetal</logger>
  <level>INFO</level>
  <class>jmetal.solutions.TspNsga_main</class>
  <method>main</method>
  <thread>10</thread>
  <message>Total execution time: 9263ms</message>
</record>
<record>
  <date>2009-02-16T14:25:06</date>
  <millis>1234810506311</millis>
  <sequence>10</sequence>
  <logger>jMetal</logger>
  <level>INFO</level>
  <class>jmetal.solutions.TspNsga_main</class>
  <method>main</method>
  <thread>10</thread>
  <message>Variables values have been writen to file VAR</message>
</record>
<record>
  <date>2009-02-16T14:25:06</date>
  <millis>1234810506336</millis>
  <sequence>11</sequence>
  <logger>jMetal</logger>
  <level>INFO</level>
  <class>jmetal.solutions.TspNsga_main</class>
  <method>main</method>
  <thread>10</thread>
  <message>Objectives values have been writen to file FUN</message>
</record>
<record>
  <date>2009-02-16T14:25:22</date>
  <millis>1234810522408</millis>
  <sequence>12</sequence>
  <logger>jMetal</logger>
  <level>INFO</level>
  <class>jmetal.solutions.TspNsga_main</class>
  <method>main</method>
  <thread>10</thread>
  <message>Total execution time: 15962ms</message>
</record>
<record>
  <date>2009-02-16T14:25:22</date>
  <millis>1234810522410</millis>
  <sequence>13</sequence>
  <logger>jMetal</logger>
  <level>INFO</level>
  <class>jmetal.solutions.TspNsga_main</class>
  <method>main</method>
  <thread>10</thread>
  <message>Variables values have been writen to file VAR</message>
</record>
<record>
  <date>2009-02-16T14:25:22</date>
  <millis>1234810522417</millis>
  <sequence>14</sequence>
  <logger>jMetal</logger>
  <level>INFO</level>
  <class>jmetal.solutions.TspNsga_main</class>
  <method>main</method>
  <thread>10</thread>
  <message>Objectives values have been writen to file FUN</message>
</record>
<record>
  <date>2009-02-16T14:25:39</date>
  <millis>1234810539025</millis>
  <sequence>15</sequence>
  <logger>jMetal</logger>
  <level>INFO</level>
  <class>jmetal.solutions.TspNsga_main</class>
  <method>main</method>
  <thread>10</thread>
  <message>Total execution time: 16587ms</message>
</record>
<record>
  <date>2009-02-16T14:25:39</date>
  <millis>1234810539271</millis>
  <sequence>16</sequence>
  <logger>jMetal</logger>
  <level>INFO</level>
  <class>jmetal.solutions.TspNsga_main</class>
  <method>main</method>
  <thread>10</thread>
  <message>Variables values have been writen to file VAR</message>
</record>
<record>
  <date>2009-02-16T14:25:40</date>
  <millis>1234810540165</millis>
  <sequence>17</sequence>
  <logger>jMetal</logger>
  <level>INFO</level>
  <class>jmetal.solutions.TspNsga_main</class>
  <method>main</method>
  <thread>10</thread>
  <message>Objectives values have been writen to file FUN</message>
</record>
<record>
  <date>2009-02-16T14:25:55</date>
  <millis>1234810555952</millis>
  <sequence>18</sequence>
  <logger>jMetal</logger>
  <level>INFO</level>
  <class>jmetal.solutions.TspNsga_main</class>
  <method>main</method>
  <thread>10</thread>
  <message>Total execution time: 15372ms</message>
</record>
<record>
  <date>2009-02-16T14:25:55</date>
  <millis>1234810555954</millis>
  <sequence>19</sequence>
  <logger>jMetal</logger>
  <level>INFO</level>
  <class>jmetal.solutions.TspNsga_main</class>
  <method>main</method>
  <thread>10</thread>
  <message>Variables values have been writen to file VAR</message>
</record>
<record>
  <date>2009-02-16T14:25:56</date>
  <millis>1234810556265</millis>
  <sequence>20</sequence>
  <logger>jMetal</logger>
  <level>INFO</level>
  <class>jmetal.solutions.TspNsga_main</class>
  <method>main</method>
  <thread>10</thread>
  <message>Objectives values have been writen to file FUN</message>
</record>
<record>
  <date>2009-02-16T14:26:09</date>
  <millis>1234810569751</millis>
  <sequence>21</sequence>
  <logger>jMetal</logger>
  <level>INFO</level>
  <class>jmetal.solutions.TspNsga_main</class>
  <method>main</method>
  <thread>10</thread>
  <message>Total execution time: 13276ms</message>
</record>
<record>
  <date>2009-02-16T14:26:09</date>
  <millis>1234810569872</millis>
  <sequence>22</sequence>
  <logger>jMetal</logger>
  <level>INFO</level>
  <class>jmetal.solutions.TspNsga_main</class>
  <method>main</method>
  <thread>10</thread>
  <message>Variables values have been writen to file VAR</message>
</record>
<record>
  <date>2009-02-16T14:26:09</date>
  <millis>1234810569882</millis>
  <sequence>23</sequence>
  <logger>jMetal</logger>
  <level>INFO</level>
  <class>jmetal.solutions.TspNsga_main</class>
  <method>main</method>
  <thread>10</thread>
  <message>Objectives values have been writen to file FUN</message>
</record>
<record>
  <date>2009-02-16T14:26:24</date>
  <millis>1234810584981</millis>
  <sequence>24</sequence>
  <logger>jMetal</logger>
  <level>INFO</level>
  <class>jmetal.solutions.TspNsga_main</class>
  <method>main</method>
  <thread>10</thread>
  <message>Total execution time: 15080ms</message>
</record>
<record>
  <date>2009-02-16T14:26:24</date>
  <millis>1234810584983</millis>
  <sequence>25</sequence>
  <logger>jMetal</logger>
  <level>INFO</level>
  <class>jmetal.solutions.TspNsga_main</class>
  <method>main</method>
  <thread>10</thread>
  <message>Variables values have been writen to file VAR</message>
</record>
<record>
  <date>2009-02-16T14:26:25</date>
  <millis>1234810585657</millis>
  <sequence>26</sequence>
  <logger>jMetal</logger>
  <level>INFO</level>
  <class>jmetal.solutions.TspNsga_main</class>
  <method>main</method>
  <thread>10</thread>
  <message>Objectives values have been writen to file FUN</message>
</record>
<record>
  <date>2009-02-16T14:26:42</date>
  <millis>1234810602316</millis>
  <sequence>27</sequence>
  <logger>jMetal</logger>
  <level>INFO</level>
  <class>jmetal.solutions.TspNsga_main</class>
  <method>main</method>
  <thread>10</thread>
  <message>Total execution time: 16639ms</message>
</record>
<record>
  <date>2009-02-16T14:26:42</date>
  <millis>1234810602318</millis>
  <sequence>28</sequence>
  <logger>jMetal</logger>
  <level>INFO</level>
  <class>jmetal.solutions.TspNsga_main</class>
  <method>main</method>
  <thread>10</thread>
  <message>Variables values have been writen to file VAR</message>
</record>
<record>
  <date>2009-02-16T14:26:42</date>
  <millis>1234810602632</millis>
  <sequence>29</sequence>
  <logger>jMetal</logger>
  <level>INFO</level>
  <class>jmetal.solutions.TspNsga_main</class>
  <method>main</method>
  <thread>10</thread>
  <message>Objectives values have been writen to file FUN</message>
</record>
</log>
